<?xml version="1.0" encoding="UTF-8"?>
<testsuite xmlns:xsi="http://www.w3.org/2001/XMLSchema-instance" xsi:noNamespaceSchemaLocation="https://maven.apache.org/surefire/maven-surefire-plugin/xsd/surefire-test-report.xsd" version="3.0.2" name="org.example.lojacarrojpa.LojaCarroJpaApplicationTests" time="4.695" tests="1" errors="0" skipped="0" failures="0" flakes="0">
  <properties>
[...]
</properties>
  <testcase name="contextLoads" classname="org.example.lojacarrojpa.LojaCarroJpaApplicationTests" time="0.373">
    <system-out><![CDATA[12:48:25.198 [main] INFO org.springframework.test.context.support.AnnotationConfigContextLoaderUtils -- Could not detect default configuration classes for test class [org.example.lojacarrojpa.LojaCarroJpaApplicationTests]: LojaCarroJpaApplicationTests does not declare any static, non-private, non-final, nested classes annotated with @Configuration.
12:48:25.352 [main] INFO org.springframework.boot.test.context.SpringBootTestContextBootstrapper -- Found @SpringBootConfiguration org.example.lojacarrojpa.LojaCarroJpaApplication for test class org.example.lojacarrojpa.LojaCarroJpaApplicationTests
12:48:25.546 [main] INFO org.springframework.boot.devtools.restart.RestartApplicationListener -- Restart disabled due to context in which it is running

  .   ____          _            __ _ _
 /\\ / ___'_ __ _ _(_)_ __  __ _ \ \ \ \
( ( )\___ | '_ | '_| | '_ \/ _` | \ \ \ \
 \\/  ___)| |_)| | | | | || (_| |  ) ) ) )
  '  |____| .__|_| |_|_| |_\__, | / / / /
 =========|_|==============|___/=/_/_/_/

 :: Spring Boot ::               (v3.5.13)

2026-04-12T12:48:25.822-03:00  INFO 20468 --- [LojaCarroJPA] [           main] o.e.l.LojaCarroJpaApplicationTests       : Starting LojaCarroJpaApplicationTests using Java 25.0.2 with PID 20468 (started by Lorenzo in C:\Users\Lorenzo\Documents\GitHub\CarrosJPA\LojaCarroJPA)
2026-04-12T12:48:25.823-03:00  INFO 20468 --- [LojaCarroJPA] [           main] o.e.l.LojaCarroJpaApplicationTests       : No active profile set, falling back to 1 default profile: "default"
2026-04-12T12:48:26.492-03:00  INFO 20468 --- [LojaCarroJPA] [           main] .s.d.r.c.RepositoryConfigurationDelegate : Bootstrapping Spring Data JPA repositories in DEFAULT mode.
2026-04-12T12:48:26.546-03:00  INFO 20468 --- [LojaCarroJPA] [           main] .s.d.r.c.RepositoryConfigurationDelegate : Finished Spring Data repository scanning in 44 ms. Found 1 JPA repository interface.
2026-04-12T12:48:26.923-03:00  INFO 20468 --- [LojaCarroJPA] [           main] o.hibernate.jpa.internal.util.LogHelper  : HHH000204: Processing PersistenceUnitInfo [name: default]
2026-04-12T12:48:26.984-03:00  INFO 20468 --- [LojaCarroJPA] [           main] org.hibernate.Version                    : HHH000412: Hibernate ORM core version 6.6.45.Final
2026-04-12T12:48:27.019-03:00  INFO 20468 --- [LojaCarroJPA] [           main] o.h.c.internal.RegionFactoryInitiator    : HHH000026: Second-level cache disabled
2026-04-12T12:48:27.373-03:00  INFO 20468 --- [LojaCarroJPA] [           main] o.s.o.j.p.SpringPersistenceUnitInfo      : No LoadTimeWeaver setup: ignoring JPA class transformer
2026-04-12T12:48:27.405-03:00  INFO 20468 --- [LojaCarroJPA] [           main] com.zaxxer.hikari.HikariDataSource       : HikariPool-1 - Starting...
2026-04-12T12:48:27.645-03:00  INFO 20468 --- [LojaCarroJPA] [           main] com.zaxxer.hikari.pool.HikariPool        : HikariPool-1 - Added connection org.postgresql.jdbc.PgConnection@69eb544f
2026-04-12T12:48:27.646-03:00  INFO 20468 --- [LojaCarroJPA] [           main] com.zaxxer.hikari.HikariDataSource       : HikariPool-1 - Start completed.
2026-04-12T12:48:27.709-03:00  INFO 20468 --- [LojaCarroJPA] [           main] org.hibernate.orm.connections.pooling    : HHH10001005: Database info:
	Database JDBC URL [Connecting through datasource 'HikariDataSource (HikariPool-1)']
	Database driver: undefined/unknown
	Database version: 17.6
	Autocommit mode: undefined/unknown
	Isolation level: undefined/unknown
	Minimum pool size: undefined/unknown
	Maximum pool size: undefined/unknown
2026-04-12T12:48:28.555-03:00  INFO 20468 --- [LojaCarroJPA] [           main] o.h.e.t.j.p.i.JtaPlatformInitiator       : HHH000489: No JTA platform available (set 'hibernate.transaction.jta.platform' to enable JTA platform integration)
Hibernate: 
    create table carros (
        id bigint generated by default as identity,
        ano integer not null check ((ano>=1000) and (ano<=9999)),
        disponibilidade boolean not null,
        marca varchar(255) not null,
        modelo varchar(255) not null,
        preco float(53) not null check (preco>=5000),
        primary key (id)
    )
2026-04-12T12:48:28.647-03:00  INFO 20468 --- [LojaCarroJPA] [           main] j.LocalContainerEntityManagerFactoryBean : Initialized JPA EntityManagerFactory for persistence unit 'default'
2026-04-12T12:48:28.943-03:00  WARN 20468 --- [LojaCarroJPA] [           main] JpaBaseConfiguration$JpaWebConfiguration : spring.jpa.open-in-view is enabled by default. Therefore, database queries may be performed during view rendering. Explicitly configure spring.jpa.open-in-view to disable this warning
2026-04-12T12:48:29.334-03:00  INFO 20468 --- [LojaCarroJPA] [           main] o.e.l.LojaCarroJpaApplicationTests       : Started LojaCarroJpaApplicationTests in 3.8 seconds (process running for 5.091)
]]></system-out>
    <system-err><![CDATA[Mockito is currently self-attaching to enable the inline-mock-maker. This will no longer work in future releases of the JDK. Please add Mockito as an agent to your build as described in Mockito's documentation: https://javadoc.io/doc/org.mockito/mockito-core/latest/org.mockito/org/mockito/Mockito.html#0.3
WARNING: A Java agent has been loaded dynamically (C:\Users\Lorenzo\.m2\repository\net\bytebuddy\byte-buddy-agent\1.17.8\byte-buddy-agent-1.17.8.jar)
WARNING: If a serviceability tool is in use, please run with -XX:+EnableDynamicAgentLoading to hide this warning
WARNING: If a serviceability tool is not in use, please run with -Djdk.instrument.traceUsage for more information
WARNING: Dynamic loading of agents will be disallowed by default in a future release
]]></system-err>
  </testcase>
</testsuite>